[INFO] Scanning for projects...
[INFO] 
[INFO] --------------------< com.kisanconnect:api-gateway >--------------------
[INFO] Building ApiGateway 0.0.1-SNAPSHOT
[INFO]   from pom.xml
[INFO] --------------------------------[ jar ]---------------------------------
[INFO] 
[INFO] >>> spring-boot:4.0.5:run (default-cli) > test-compile @ api-gateway >>>
[INFO] 
[INFO] --- resources:3.3.1:resources (default-resources) @ api-gateway ---
[INFO] Copying 1 resource from src\main\resources to target\classes
[INFO] Copying 0 resource from src\main\resources to target\classes
[INFO] 
[INFO] --- compiler:3.14.1:compile (default-compile) @ api-gateway ---
[INFO] Recompiling the module because of changed source code.
[INFO] Compiling 4 source files with javac [debug parameters release 21] to target\classes
[INFO] -------------------------------------------------------------
[ERROR] COMPILATION ERROR : 
[INFO] -------------------------------------------------------------
[ERROR] /C:/Users/VICTUS/OneDrive/Desktop/kissan_connect/api-gateway/src/main/java/com/kisanconnect/gateway/ApiGatewayApplication.java:[22,101] method http in class org.springframework.cloud.gateway.server.mvc.handler.HandlerFunctions cannot be applied to given types;
  required: no arguments
  found:    java.lang.String
  reason: actual and formal argument lists differ in length
[ERROR] /C:/Users/VICTUS/OneDrive/Desktop/kissan_connect/api-gateway/src/main/java/com/kisanconnect/gateway/ApiGatewayApplication.java:[23,102] method http in class org.springframework.cloud.gateway.server.mvc.handler.HandlerFunctions cannot be applied to given types;
  required: no arguments
  found:    java.lang.String
  reason: actual and formal argument lists differ in length
[ERROR] /C:/Users/VICTUS/OneDrive/Desktop/kissan_connect/api-gateway/src/main/java/com/kisanconnect/gateway/ApiGatewayApplication.java:[30,105] method http in class org.springframework.cloud.gateway.server.mvc.handler.HandlerFunctions cannot be applied to given types;
  required: no arguments
  found:    java.lang.String
  reason: actual and formal argument lists differ in length
[ERROR] /C:/Users/VICTUS/OneDrive/Desktop/kissan_connect/api-gateway/src/main/java/com/kisanconnect/gateway/ApiGatewayApplication.java:[31,100] method http in class org.springframework.cloud.gateway.server.mvc.handler.HandlerFunctions cannot be applied to given types;
  required: no arguments
  found:    java.lang.String
  reason: actual and formal argument lists differ in length
[ERROR] /C:/Users/VICTUS/OneDrive/Desktop/kissan_connect/api-gateway/src/main/java/com/kisanconnect/gateway/ApiGatewayApplication.java:[38,103] method http in class org.springframework.cloud.gateway.server.mvc.handler.HandlerFunctions cannot be applied to given types;
  required: no arguments
  found:    java.lang.String
  reason: actual and formal argument lists differ in length
[INFO] 5 errors 
[INFO] -------------------------------------------------------------
[INFO] ------------------------------------------------------------------------
[INFO] BUILD FAILURE
[INFO] ------------------------------------------------------------------------
[INFO] Total time:  2.652 s
[INFO] Finished at: 2026-04-15T23:32:13+05:30
[INFO] ------------------------------------------------------------------------
[ERROR] Failed to execute goal org.apache.maven.plugins:maven-compiler-plugin:3.14.1:compile (default-compile) on project api-gateway: Compilation failure: Compilation failure: 
[ERROR] /C:/Users/VICTUS/OneDrive/Desktop/kissan_connect/api-gateway/src/main/java/com/kisanconnect/gateway/ApiGatewayApplication.java:[22,101] method http in class org.springframework.cloud.gateway.server.mvc.handler.HandlerFunctions cannot be applied to given types;
[ERROR]   required: no arguments
[ERROR]   found:    java.lang.String
[ERROR]   reason: actual and formal argument lists differ in length
[ERROR] /C:/Users/VICTUS/OneDrive/Desktop/kissan_connect/api-gateway/src/main/java/com/kisanconnect/gateway/ApiGatewayApplication.java:[23,102] method http in class org.springframework.cloud.gateway.server.mvc.handler.HandlerFunctions cannot be applied to given types;
[ERROR]   required: no arguments
[ERROR]   found:    java.lang.String
[ERROR]   reason: actual and formal argument lists differ in length
[ERROR] /C:/Users/VICTUS/OneDrive/Desktop/kissan_connect/api-gateway/src/main/java/com/kisanconnect/gateway/ApiGatewayApplication.java:[30,105] method http in class org.springframework.cloud.gateway.server.mvc.handler.HandlerFunctions cannot be applied to given types;
[ERROR]   required: no arguments
[ERROR]   found:    java.lang.String
[ERROR]   reason: actual and formal argument lists differ in length
[ERROR] /C:/Users/VICTUS/OneDrive/Desktop/kissan_connect/api-gateway/src/main/java/com/kisanconnect/gateway/ApiGatewayApplication.java:[31,100] method http in class org.springframework.cloud.gateway.server.mvc.handler.HandlerFunctions cannot be applied to given types;
[ERROR]   required: no arguments
[ERROR]   found:    java.lang.String
[ERROR]   reason: actual and formal argument lists differ in length
[ERROR] /C:/Users/VICTUS/OneDrive/Desktop/kissan_connect/api-gateway/src/main/java/com/kisanconnect/gateway/ApiGatewayApplication.java:[38,103] method http in class org.springframework.cloud.gateway.server.mvc.handler.HandlerFunctions cannot be applied to given types;
[ERROR]   required: no arguments
[ERROR]   found:    java.lang.String
[ERROR]   reason: actual and formal argument lists differ in length
[ERROR] -> [Help 1]
[ERROR] 
[ERROR] To see the full stack trace of the errors, re-run Maven with the -e switch.
[ERROR] Re-run Maven using the -X switch to enable full debug logging.
[ERROR] 
[ERROR] For more information about the errors and possible solutions, please read the following articles:
[ERROR] [Help 1] http://cwiki.apache.org/confluence/display/MAVEN/MojoFailureException
