[INFO] Scanning for projects...
[INFO] 
[INFO] -------------------< com.kisanconnect:user-service >--------------------
[INFO] Building UserService 0.0.1-SNAPSHOT
[INFO]   from pom.xml
[INFO] --------------------------------[ jar ]---------------------------------
[INFO] 
[INFO] --- clean:3.5.0:clean (default-clean) @ user-service ---
[INFO] Deleting C:\Users\VICTUS\OneDrive\Desktop\kissan_connect\user-service\target
[INFO] ------------------------------------------------------------------------
[INFO] BUILD FAILURE
[INFO] ------------------------------------------------------------------------
[INFO] Total time:  4.680 s
[INFO] Finished at: 2026-04-08T21:57:56+05:30
[INFO] ------------------------------------------------------------------------
[ERROR] Failed to execute goal org.apache.maven.plugins:maven-clean-plugin:3.5.0:clean (default-clean) on project user-service: Failed to clean project: Failed to delete C:\Users\VICTUS\OneDrive\Desktop\kissan_connect\user-service\target\classes\com\kisanconnect\user\controller -> [Help 1]
[ERROR] 
[ERROR] To see the full stack trace of the errors, re-run Maven with the -e switch.
[ERROR] Re-run Maven using the -X switch to enable full debug logging.
[ERROR] 
[ERROR] For more information about the errors and possible solutions, please read the following articles:
[ERROR] [Help 1] http://cwiki.apache.org/confluence/display/MAVEN/MojoExecutionException
