[INFO] Scanning for projects...
[INFO] 
[INFO] -------------------< com.kisanconnect:user-service >--------------------
[INFO] Building UserService 0.0.1-SNAPSHOT
[INFO]   from pom.xml
[INFO] --------------------------------[ jar ]---------------------------------
[INFO] 
[INFO] >>> spring-boot:4.0.5:run (default-cli) > test-compile @ user-service >>>
[INFO] 
[INFO] --- resources:3.3.1:resources (default-resources) @ user-service ---
[INFO] Copying 1 resource from src\main\resources to target\classes
[INFO] Copying 0 resource from src\main\resources to target\classes
[INFO] 
[INFO] --- compiler:3.14.1:compile (default-compile) @ user-service ---
[INFO] Recompiling the module because of changed source code.
[INFO] Compiling 14 source files with javac [debug parameters release 21] to target\classes
[INFO] 
[INFO] --- resources:3.3.1:testResources (default-testResources) @ user-service ---
[INFO] skip non existing resourceDirectory C:\Users\VICTUS\OneDrive\Desktop\kissan_connect\user-service\src\test\resources
[INFO] 
[INFO] --- compiler:3.14.1:testCompile (default-testCompile) @ user-service ---
[INFO] Recompiling the module because of changed dependency.
[INFO] Compiling 1 source file with javac [debug parameters release 21] to target\test-classes
[INFO] 
[INFO] <<< spring-boot:4.0.5:run (default-cli) < test-compile @ user-service <<<
[INFO] 
[INFO] 
[INFO] --- spring-boot:4.0.5:run (default-cli) @ user-service ---
[INFO] Attaching agents: []

  .   ____          _            __ _ _
 /\\ / ___'_ __ _ _(_)_ __  __ _ \ \ \ \
( ( )\___ | '_ | '_| | '_ \/ _` | \ \ \ \
 \\/  ___)| |_)| | | | | || (_| |  ) ) ) )
  '  |____| .__|_| |_|_| |_\__, | / / / /
 =========|_|==============|___/=/_/_/_/

 :: Spring Boot ::                (v4.0.5)

2026-04-15T23:07:32.415+05:30  INFO 20272 --- [user-service] [           main] c.k.user.UserServiceApplication          : Starting UserServiceApplication using Java 21.0.5 with PID 20272 (C:\Users\VICTUS\OneDrive\Desktop\kissan_connect\user-service\target\classes started by VICTUS in C:\Users\VICTUS\OneDrive\Desktop\kissan_connect\user-service)
2026-04-15T23:07:32.425+05:30  INFO 20272 --- [user-service] [           main] c.k.user.UserServiceApplication          : No active profile set, falling back to 1 default profile: "default"
2026-04-15T23:07:34.324+05:30  INFO 20272 --- [user-service] [           main] .s.d.r.c.RepositoryConfigurationDelegate : Bootstrapping Spring Data JPA repositories in DEFAULT mode.
2026-04-15T23:07:34.754+05:30  INFO 20272 --- [user-service] [           main] .s.d.r.c.RepositoryConfigurationDelegate : Finished Spring Data repository scanning in 404 ms. Found 1 JPA repository interface.
2026-04-15T23:07:35.397+05:30  INFO 20272 --- [user-service] [           main] o.s.cloud.context.scope.GenericScope     : BeanFactory id=8a7d5c33-fea2-319a-a491-42ef60634cee
2026-04-15T23:07:36.461+05:30  INFO 20272 --- [user-service] [           main] o.s.boot.tomcat.TomcatWebServer          : Tomcat initialized with port 8081 (http)
2026-04-15T23:07:36.503+05:30  INFO 20272 --- [user-service] [           main] o.apache.catalina.core.StandardService   : Starting service [Tomcat]
2026-04-15T23:07:36.504+05:30  INFO 20272 --- [user-service] [           main] o.apache.catalina.core.StandardEngine    : Starting Servlet engine: [Apache Tomcat/11.0.20]
2026-04-15T23:07:36.667+05:30  INFO 20272 --- [user-service] [           main] b.w.c.s.WebApplicationContextInitializer : Root WebApplicationContext: initialization completed in 4099 ms
2026-04-15T23:07:37.018+05:30  INFO 20272 --- [user-service] [           main] org.hibernate.orm.jpa                    : HHH008540: Processing PersistenceUnitInfo [name: default]
2026-04-15T23:07:37.184+05:30  INFO 20272 --- [user-service] [           main] org.hibernate.orm.core                   : HHH000001: Hibernate ORM core version 7.2.7.Final
2026-04-15T23:07:38.670+05:30  INFO 20272 --- [user-service] [           main] o.s.o.j.p.SpringPersistenceUnitInfo      : No LoadTimeWeaver setup: ignoring JPA class transformer
2026-04-15T23:07:38.767+05:30  INFO 20272 --- [user-service] [           main] com.zaxxer.hikari.HikariDataSource       : HikariPool-1 - Starting...
2026-04-15T23:07:40.088+05:30  INFO 20272 --- [user-service] [           main] com.zaxxer.hikari.pool.HikariPool        : HikariPool-1 - Added connection com.mysql.cj.jdbc.ConnectionImpl@3f1fb139
2026-04-15T23:07:40.093+05:30  INFO 20272 --- [user-service] [           main] com.zaxxer.hikari.HikariDataSource       : HikariPool-1 - Start completed.
2026-04-15T23:07:40.275+05:30  WARN 20272 --- [user-service] [           main] org.hibernate.orm.deprecation            : HHH90000025: MySQLDialect does not need to be specified explicitly using 'hibernate.dialect' (remove the property setting and it will be selected by default)
2026-04-15T23:07:40.335+05:30  INFO 20272 --- [user-service] [           main] org.hibernate.orm.connections.pooling    : HHH10001005: Database info:
	Database JDBC URL [jdbc:mysql://localhost:3306/kisan_user_db?createDatabaseIfNotExist=true]
	Database driver: MySQL Connector/J
	Database dialect: MySQLDialect
	Database version: 8.0.43
	Default catalog/schema: kisan_user_db/undefined
	Autocommit mode: undefined/unknown
	Isolation level: REPEATABLE_READ [default REPEATABLE_READ]
	JDBC fetch size: none
	Pool: DataSourceConnectionProvider
	Minimum pool size: undefined/unknown
	Maximum pool size: undefined/unknown
2026-04-15T23:07:42.945+05:30  INFO 20272 --- [user-service] [           main] org.hibernate.orm.core                   : HHH000489: No JTA platform available (set 'hibernate.transaction.jta.platform' to enable JTA platform integration)
2026-04-15T23:07:43.165+05:30  INFO 20272 --- [user-service] [           main] j.LocalContainerEntityManagerFactoryBean : Initialized JPA EntityManagerFactory for persistence unit 'default'
2026-04-15T23:07:43.329+05:30  INFO 20272 --- [user-service] [           main] o.s.d.j.r.query.QueryEnhancerFactories   : Hibernate is in classpath; If applicable, HQL parser will be used.
2026-04-15T23:07:44.160+05:30  WARN 20272 --- [user-service] [           main] JpaBaseConfiguration$JpaWebConfiguration : spring.jpa.open-in-view is enabled by default. Therefore, database queries may be performed during view rendering. Explicitly configure spring.jpa.open-in-view to disable this warning
2026-04-15T23:07:44.466+05:30  INFO 20272 --- [user-service] [           main] eAuthenticationProviderManagerConfigurer : Global AuthenticationManager configured with AuthenticationProvider bean with name authenticationProvider
2026-04-15T23:07:44.467+05:30  WARN 20272 --- [user-service] [           main] r$InitializeUserDetailsManagerConfigurer : Global AuthenticationManager configured with an AuthenticationProvider bean. UserDetailsService beans will not be used by Spring Security for automatically configuring username/password login. Consider removing the AuthenticationProvider bean. Alternatively, consider using the UserDetailsService in a manually instantiated DaoAuthenticationProvider. If the current configuration is intentional, to turn off this warning, increase the logging level of 'org.springframework.security.config.annotation.authentication.configuration.InitializeUserDetailsBeanManagerConfigurer' to ERROR
2026-04-15T23:07:46.694+05:30  INFO 20272 --- [user-service] [           main] DiscoveryClientOptionalArgsConfiguration : Eureka HTTP Client uses RestClient.
2026-04-15T23:07:46.795+05:30  WARN 20272 --- [user-service] [           main] iguration$LoadBalancerCaffeineWarnLogger : Spring Cloud LoadBalancer is currently working with the default cache. While this cache implementation is useful for development and tests, it's recommended to use Caffeine cache in production.You can switch to using Caffeine cache, by adding it and org.springframework.cache.caffeine.CaffeineCacheManager to the classpath.
2026-04-15T23:07:46.857+05:30  INFO 20272 --- [user-service] [           main] o.s.c.n.eureka.InstanceInfoFactory       : Setting initial instance status as: STARTING
2026-04-15T23:07:46.941+05:30  INFO 20272 --- [user-service] [           main] com.netflix.discovery.DiscoveryClient    : Initializing Eureka in region us-east-1
2026-04-15T23:07:46.960+05:30  INFO 20272 --- [user-service] [           main] c.n.d.s.r.aws.ConfigClusterResolver      : Resolving eureka endpoints via configuration
2026-04-15T23:07:46.992+05:30  INFO 20272 --- [user-service] [           main] com.netflix.discovery.DiscoveryClient    : Disable delta property : false
2026-04-15T23:07:46.992+05:30  INFO 20272 --- [user-service] [           main] com.netflix.discovery.DiscoveryClient    : Single vip registry refresh property : null
2026-04-15T23:07:46.992+05:30  INFO 20272 --- [user-service] [           main] com.netflix.discovery.DiscoveryClient    : Force full registry fetch : false
2026-04-15T23:07:46.994+05:30  INFO 20272 --- [user-service] [           main] com.netflix.discovery.DiscoveryClient    : Application is null : false
2026-04-15T23:07:46.994+05:30  INFO 20272 --- [user-service] [           main] com.netflix.discovery.DiscoveryClient    : Registered Applications size is zero : true
2026-04-15T23:07:46.994+05:30  INFO 20272 --- [user-service] [           main] com.netflix.discovery.DiscoveryClient    : Application version is -1: true
2026-04-15T23:07:46.994+05:30  INFO 20272 --- [user-service] [           main] com.netflix.discovery.DiscoveryClient    : Getting all instance registry info from the eureka server
2026-04-15T23:07:49.483+05:30  INFO 20272 --- [user-service] [           main] com.netflix.discovery.DiscoveryClient    : The response status is 200
2026-04-15T23:07:49.489+05:30  INFO 20272 --- [user-service] [           main] com.netflix.discovery.DiscoveryClient    : Starting heartbeat executor: renew interval is: 30
2026-04-15T23:07:49.496+05:30  INFO 20272 --- [user-service] [           main] c.n.discovery.InstanceInfoReplicator     : InstanceInfoReplicator onDemand update allowed rate per min is 4
2026-04-15T23:07:49.508+05:30  INFO 20272 --- [user-service] [           main] com.netflix.discovery.DiscoveryClient    : Discovery Client initialized at timestamp 1776274669498 with initial instances count: 0
2026-04-15T23:07:49.517+05:30  INFO 20272 --- [user-service] [           main] o.s.c.n.e.s.EurekaServiceRegistry        : Registering application USER-SERVICE with eureka with status UP
2026-04-15T23:07:49.519+05:30  INFO 20272 --- [user-service] [           main] com.netflix.discovery.DiscoveryClient    : Saw local status change event StatusChangeEvent [timestamp=1776274669519, current=UP, previous=STARTING]
2026-04-15T23:07:49.530+05:30  INFO 20272 --- [user-service] [foReplicator-%d] com.netflix.discovery.DiscoveryClient    : DiscoveryClient_USER-SERVICE/LAPTOP-6OQSKS2K:user-service:8081: registering service...
2026-04-15T23:07:49.630+05:30  INFO 20272 --- [user-service] [           main] o.s.boot.tomcat.TomcatWebServer          : Tomcat started on port 8081 (http) with context path '/'
2026-04-15T23:07:49.631+05:30  INFO 20272 --- [user-service] [           main] .s.c.n.e.s.EurekaAutoServiceRegistration : Updating port to 8081
2026-04-15T23:07:49.994+05:30  INFO 20272 --- [user-service] [           main] c.k.user.UserServiceApplication          : Started UserServiceApplication in 18.633 seconds (process running for 20.889)
2026-04-15T23:07:50.067+05:30  INFO 20272 --- [user-service] [foReplicator-%d] com.netflix.discovery.DiscoveryClient    : DiscoveryClient_USER-SERVICE/LAPTOP-6OQSKS2K:user-service:8081 - registration status: 204
2026-04-15T23:08:19.505+05:30  INFO 20272 --- [user-service] [reshExecutor-%d] com.netflix.discovery.DiscoveryClient    : Disable delta property : false
2026-04-15T23:08:19.511+05:30  INFO 20272 --- [user-service] [reshExecutor-%d] com.netflix.discovery.DiscoveryClient    : Single vip registry refresh property : null
2026-04-15T23:08:19.511+05:30  INFO 20272 --- [user-service] [reshExecutor-%d] com.netflix.discovery.DiscoveryClient    : Force full registry fetch : false
2026-04-15T23:08:19.511+05:30  INFO 20272 --- [user-service] [reshExecutor-%d] com.netflix.discovery.DiscoveryClient    : Application is null : false
2026-04-15T23:08:19.513+05:30  INFO 20272 --- [user-service] [reshExecutor-%d] com.netflix.discovery.DiscoveryClient    : Registered Applications size is zero : true
2026-04-15T23:08:19.513+05:30  INFO 20272 --- [user-service] [reshExecutor-%d] com.netflix.discovery.DiscoveryClient    : Application version is -1: false
2026-04-15T23:08:19.513+05:30  INFO 20272 --- [user-service] [reshExecutor-%d] com.netflix.discovery.DiscoveryClient    : Getting all instance registry info from the eureka server
2026-04-15T23:08:19.595+05:30  INFO 20272 --- [user-service] [reshExecutor-%d] com.netflix.discovery.DiscoveryClient    : The response status is 200
2026-04-15T23:10:35.421+05:30  INFO 20272 --- [user-service] [nio-8081-exec-4] o.a.c.c.C.[Tomcat].[localhost].[/]       : Initializing Spring DispatcherServlet 'dispatcherServlet'
2026-04-15T23:10:35.430+05:30  INFO 20272 --- [user-service] [nio-8081-exec-4] o.s.web.servlet.DispatcherServlet        : Initializing Servlet 'dispatcherServlet'
2026-04-15T23:10:35.503+05:30  INFO 20272 --- [user-service] [nio-8081-exec-4] o.s.web.servlet.DispatcherServlet        : Completed initialization in 71 ms
2026-04-15T23:12:47.002+05:30  INFO 20272 --- [user-service] [rap-executor-%d] c.n.d.s.r.aws.ConfigClusterResolver      : Resolving eureka endpoints via configuration
Hibernate: select u1_0.id from users u1_0 where u1_0.email is null limit ?
Hibernate: select u1_0.id from users u1_0 where u1_0.email is null limit ?
Hibernate: select u1_0.id from users u1_0 where u1_0.email=? limit ?
Hibernate: insert into users (address,email,name,password,phone,role,seller_type,village) values (?,?,?,?,?,?,?,?)
Hibernate: select u1_0.id,u1_0.address,u1_0.email,u1_0.name,u1_0.password,u1_0.phone,u1_0.role,u1_0.seller_type,u1_0.village from users u1_0 where u1_0.email=?
2026-04-15T23:17:47.024+05:30  INFO 20272 --- [user-service] [rap-executor-%d] c.n.d.s.r.aws.ConfigClusterResolver      : Resolving eureka endpoints via configuration
2026-04-15T23:22:47.044+05:30  INFO 20272 --- [user-service] [rap-executor-%d] c.n.d.s.r.aws.ConfigClusterResolver      : Resolving eureka endpoints via configuration
2026-04-15T23:27:47.073+05:30  INFO 20272 --- [user-service] [rap-executor-%d] c.n.d.s.r.aws.ConfigClusterResolver      : Resolving eureka endpoints via configuration
2026-04-15T23:32:47.106+05:30  INFO 20272 --- [user-service] [rap-executor-%d] c.n.d.s.r.aws.ConfigClusterResolver      : Resolving eureka endpoints via configuration
2026-04-15T23:37:47.133+05:30  INFO 20272 --- [user-service] [rap-executor-%d] c.n.d.s.r.aws.ConfigClusterResolver      : Resolving eureka endpoints via configuration
^C